TN:
SF:src\calculator.js
FN:1,(anonymous_0)
FN:3,(anonymous_1)
FN:4,(anonymous_2)
FN:5,(anonymous_3)
FN:6,(anonymous_4)
FN:11,(anonymous_5)
FN:13,(anonymous_6)
FNF:7
FNH:3
FNDA:2,(anonymous_0)
FNDA:1,(anonymous_1)
FNDA:0,(anonymous_2)
FNDA:0,(anonymous_3)
FNDA:0,(anonymous_4)
FNDA:0,(anonymous_5)
FNDA:1,(anonymous_6)
DA:1,2
DA:2,2
DA:3,1
DA:4,0
DA:5,0
DA:7,0
DA:8,0
DA:9,0
DA:11,0
DA:14,1
DA:15,1
DA:16,0
DA:17,0
DA:18,0
DA:19,0
DA:20,0
DA:25,2
DA:26,2
DA:29,2
DA:30,2
DA:31,2
LF:21
LH:10
BRDA:8,0,0,0
BRDA:8,0,1,0
BRDA:14,1,0,1
BRDA:14,1,1,0
BRDA:14,1,2,0
BRDA:14,1,3,0
BRDA:14,1,4,0
BRDA:14,1,5,0
BRDA:25,2,0,2
BRDA:25,2,1,0
BRDA:25,3,0,2
BRDA:25,3,1,2
BRDA:30,4,0,2
BRDA:30,4,1,0
BRDA:30,5,0,2
BRDA:30,5,1,2
BRDA:34,6,0,2
BRDA:34,6,1,0
BRDA:34,7,0,0
BRDA:34,7,1,0
BRF:20
BRH:8
end_of_record
TN:
SF:src\ui.js
FN:1,(anonymous_0)
FN:2,init
FN:10,refresh
FN:14,(anonymous_3)
FN:18,(anonymous_4)
FNF:5
FNH:5
FNDA:2,(anonymous_0)
FNDA:2,init
FNDA:8,refresh
FNDA:36,(anonymous_3)
FNDA:6,(anonymous_4)
DA:1,2
DA:3,2
DA:4,2
DA:6,2
DA:7,2
DA:8,2
DA:11,8
DA:14,2
DA:15,36
DA:16,36
DA:18,36
DA:21,6
DA:22,3
DA:23,3
DA:24,3
DA:25,3
DA:29,3
DA:31,1
DA:33,1
DA:34,1
DA:35,1
DA:37,0
DA:38,0
DA:41,1
DA:42,1
DA:43,1
DA:47,2
DA:48,1
DA:49,1
DA:50,1
DA:51,1
DA:52,1
DA:56,1
DA:57,1
DA:58,1
DA:59,1
DA:60,1
DA:61,1
DA:62,1
DA:64,0
DA:72,2
DA:76,2
LF:42
LH:39
BRDA:11,0,0,8
BRDA:11,0,1,5
BRDA:11,1,0,3
BRDA:11,1,1,2
BRDA:21,2,0,3
BRDA:21,2,1,3
BRDA:22,3,0,0
BRDA:22,3,1,3
BRDA:22,4,0,3
BRDA:22,4,1,0
BRDA:23,5,0,0
BRDA:23,5,1,3
BRDA:29,6,0,1
BRDA:29,6,1,2
BRDA:31,7,0,0
BRDA:31,7,1,1
BRDA:33,8,0,1
BRDA:33,8,1,0
BRDA:47,9,0,1
BRDA:47,9,1,1
BRDA:56,10,0,1
BRDA:56,10,1,0
BRDA:57,11,0,1
BRDA:57,11,1,0
BRDA:57,12,0,1
BRDA:57,12,1,1
BRF:26
BRH:19
end_of_record
